<?xml version="1.0" encoding="UTF-8"?>
<testng-results ignored="0" total="1" passed="1" failed="0" skipped="0">
  <reporter-output>
  </reporter-output>
  <suite started-at="2024-06-05T12:43:20 IST" name="All Test Suite" finished-at="2024-06-05T13:02:53 IST" duration-ms="1173387">
    <groups>
    </groups>
    <test started-at="2024-06-05T12:43:20 IST" name="C:/Users/Admin/IdeaProjects/Google_ClassRoom" finished-at="2024-06-05T13:02:53 IST" duration-ms="1173387">
      <class name="TestPackage.ClassroomTest">
        <test-method signature="initialization()[pri:0, instance:TestPackage.ClassroomTest@5223e5ee]" started-at="2024-06-05T12:43:20 IST" name="initialization" finished-at="2024-06-05T13:02:53 IST" duration-ms="1173351" status="PASS">
          <reporter-output>
          </reporter-output>
        </test-method> <!-- initialization -->
      </class> <!-- TestPackage.ClassroomTest -->
    </test> <!-- C:/Users/Admin/IdeaProjects/Google_ClassRoom -->
  </suite> <!-- All Test Suite -->
</testng-results>
